<?xml version="1.0" encoding="UTF-8"?>
<!-- Generated by org.testng.reporters.JUnitXMLReporter -->
<testsuite ignored="1" hostname="ATIQUE-CA" failures="0" tests="7" name="Test" time="175.923" errors="0" timestamp="2020-12-25T17:21:48 EST">
  <testcase classname="testcases.SearchOptionValidation" name="loginValidation" time="13.112"/>
  <testcase classname="testcases.T01_Login_Validation" name="loginValidation" time="14.942"/>
  <testcase classname="testcases.HeadPhPurcahse" name="loginValidation" time="25.787"/>
  <testcase classname="testcases.ResSpRunDriver" name="userlogin" time="33.926"/>
  <testcase classname="testcases.HpTabx2Purchase" name="loginValidation" time="25.912"/>
  <testcase classname="testcases.MicePurchase" name="loginValidation" time="25.838"/>
  <testcase classname="testcases.RedSpObjKeywords" name="UserApplication" time="2.216"/>
  <testcase classname="testcases.T01_HP_Validation" name="homeValidation" time="0.0">
    <ignored/>
  </testcase> <!-- homeValidation -->
</testsuite> <!-- Test -->
