<?xml version="1.0" encoding="UTF-8"?>
<testng-results ignored="1" total="8" passed="7" failed="0" skipped="0">
  <reporter-output>
  </reporter-output>
  <suite started-at="2020-12-25T17:18:52 EST" name="Suite" finished-at="2020-12-25T17:21:48 EST" duration-ms="175923">
    <groups>
      <group name="regression">
        <method signature="HeadPhPurcahse.loginValidation()[pri:0, instance:testcases.HeadPhPurcahse@682abca7]" name="loginValidation" class="testcases.HeadPhPurcahse"/>
        <method signature="HpTabx2Purchase.loginValidation()[pri:0, instance:testcases.HpTabx2Purchase@76f881d9]" name="loginValidation" class="testcases.HpTabx2Purchase"/>
        <method signature="MicePurchase.loginValidation()[pri:0, instance:testcases.MicePurchase@6dd36ab6]" name="loginValidation" class="testcases.MicePurchase"/>
        <method signature="RedSpObjKeywords.UserApplication()[pri:0, instance:testcases.RedSpObjKeywords@50a13c2f]" name="UserApplication" class="testcases.RedSpObjKeywords"/>
        <method signature="ResSpRunDriver.userlogin()[pri:0, instance:testcases.ResSpRunDriver@1d858300]" name="userlogin" class="testcases.ResSpRunDriver"/>
        <method signature="SearchOptionValidation.loginValidation()[pri:0, instance:testcases.SearchOptionValidation@20a967fe]" name="loginValidation" class="testcases.SearchOptionValidation"/>
        <method signature="T01_Login_Validation.loginValidation()[pri:0, instance:testcases.T01_Login_Validation@405b6d75]" name="loginValidation" class="testcases.T01_Login_Validation"/>
      </group> <!-- regression -->
    </groups>
    <test started-at="2020-12-25T17:18:52 EST" name="Test" finished-at="2020-12-25T17:21:48 EST" duration-ms="175923">
      <class name="testcases.ResSpRunDriver">
        <test-method signature="userlogin()[pri:0, instance:testcases.ResSpRunDriver@1d858300]" started-at="2020-12-25T17:20:04 EST" name="userlogin" finished-at="2020-12-25T17:20:37 EST" duration-ms="33926" status="PASS">
          <reporter-output>
          </reporter-output>
        </test-method> <!-- userlogin -->
      </class> <!-- testcases.ResSpRunDriver -->
      <class name="testcases.HeadPhPurcahse">
        <test-method is-config="true" signature="openBrowser()[pri:0, instance:testcases.HeadPhPurcahse@682abca7]" started-at="2020-12-25T17:19:32 EST" name="openBrowser" finished-at="2020-12-25T17:19:38 EST" duration-ms="5270" status="PASS">
          <reporter-output>
          </reporter-output>
        </test-method> <!-- openBrowser -->
        <test-method signature="loginValidation()[pri:0, instance:testcases.HeadPhPurcahse@682abca7]" started-at="2020-12-25T17:19:38 EST" name="loginValidation" finished-at="2020-12-25T17:20:04 EST" duration-ms="25787" status="PASS">
          <reporter-output>
          </reporter-output>
        </test-method> <!-- loginValidation -->
        <test-method is-config="true" signature="closeBrowser()[pri:0, instance:testcases.HeadPhPurcahse@682abca7]" started-at="2020-12-25T17:20:04 EST" name="closeBrowser" finished-at="2020-12-25T17:20:04 EST" duration-ms="1" status="PASS">
          <reporter-output>
          </reporter-output>
        </test-method> <!-- closeBrowser -->
      </class> <!-- testcases.HeadPhPurcahse -->
      <class name="testcases.SearchOptionValidation">
        <test-method is-config="true" signature="openBrowser()[pri:0, instance:testcases.SearchOptionValidation@20a967fe]" started-at="2020-12-25T17:18:53 EST" name="openBrowser" finished-at="2020-12-25T17:18:59 EST" duration-ms="6607" status="PASS">
          <reporter-output>
          </reporter-output>
        </test-method> <!-- openBrowser -->
        <test-method signature="loginValidation()[pri:0, instance:testcases.SearchOptionValidation@20a967fe]" started-at="2020-12-25T17:18:59 EST" name="loginValidation" finished-at="2020-12-25T17:19:12 EST" duration-ms="13112" status="PASS">
          <reporter-output>
          </reporter-output>
        </test-method> <!-- loginValidation -->
        <test-method is-config="true" signature="closeBrowser()[pri:0, instance:testcases.SearchOptionValidation@20a967fe]" started-at="2020-12-25T17:19:12 EST" name="closeBrowser" finished-at="2020-12-25T17:19:12 EST" duration-ms="1" status="PASS">
          <reporter-output>
          </reporter-output>
        </test-method> <!-- closeBrowser -->
      </class> <!-- testcases.SearchOptionValidation -->
      <class name="testcases.MicePurchase">
        <test-method is-config="true" signature="openBrowser()[pri:0, instance:testcases.MicePurchase@6dd36ab6]" started-at="2020-12-25T17:21:09 EST" name="openBrowser" finished-at="2020-12-25T17:21:14 EST" duration-ms="5530" status="PASS">
          <reporter-output>
          </reporter-output>
        </test-method> <!-- openBrowser -->
        <test-method signature="loginValidation()[pri:0, instance:testcases.MicePurchase@6dd36ab6]" started-at="2020-12-25T17:21:14 EST" name="loginValidation" finished-at="2020-12-25T17:21:40 EST" duration-ms="25838" status="PASS">
          <reporter-output>
          </reporter-output>
        </test-method> <!-- loginValidation -->
        <test-method is-config="true" signature="closeBrowser()[pri:0, instance:testcases.MicePurchase@6dd36ab6]" started-at="2020-12-25T17:21:40 EST" name="closeBrowser" finished-at="2020-12-25T17:21:40 EST" duration-ms="1" status="PASS">
          <reporter-output>
          </reporter-output>
        </test-method> <!-- closeBrowser -->
      </class> <!-- testcases.MicePurchase -->
      <class name="testcases.HpTabx2Purchase">
        <test-method is-config="true" signature="openBrowser()[pri:0, instance:testcases.HpTabx2Purchase@76f881d9]" started-at="2020-12-25T17:20:37 EST" name="openBrowser" finished-at="2020-12-25T17:20:43 EST" duration-ms="5210" status="PASS">
          <reporter-output>
          </reporter-output>
        </test-method> <!-- openBrowser -->
        <test-method signature="loginValidation()[pri:0, instance:testcases.HpTabx2Purchase@76f881d9]" started-at="2020-12-25T17:20:43 EST" name="loginValidation" finished-at="2020-12-25T17:21:09 EST" duration-ms="25912" status="PASS">
          <reporter-output>
          </reporter-output>
        </test-method> <!-- loginValidation -->
        <test-method is-config="true" signature="closeBrowser()[pri:0, instance:testcases.HpTabx2Purchase@76f881d9]" started-at="2020-12-25T17:21:09 EST" name="closeBrowser" finished-at="2020-12-25T17:21:09 EST" duration-ms="0" status="PASS">
          <reporter-output>
          </reporter-output>
        </test-method> <!-- closeBrowser -->
      </class> <!-- testcases.HpTabx2Purchase -->
      <class name="testcases.RedSpObjKeywords">
        <test-method is-config="true" signature="BrowserOpen()[pri:0, instance:testcases.RedSpObjKeywords@50a13c2f]" started-at="2020-12-25T17:21:40 EST" name="BrowserOpen" finished-at="2020-12-25T17:21:46 EST" duration-ms="6233" status="PASS">
          <reporter-output>
          </reporter-output>
        </test-method> <!-- BrowserOpen -->
        <test-method signature="UserApplication()[pri:0, instance:testcases.RedSpObjKeywords@50a13c2f]" started-at="2020-12-25T17:21:46 EST" name="UserApplication" finished-at="2020-12-25T17:21:48 EST" duration-ms="2216" status="PASS">
          <reporter-output>
          </reporter-output>
        </test-method> <!-- UserApplication -->
        <test-method is-config="true" signature="closeBrowser()[pri:0, instance:testcases.RedSpObjKeywords@50a13c2f]" started-at="2020-12-25T17:21:48 EST" name="closeBrowser" finished-at="2020-12-25T17:21:48 EST" duration-ms="1" status="PASS">
          <reporter-output>
          </reporter-output>
        </test-method> <!-- closeBrowser -->
      </class> <!-- testcases.RedSpObjKeywords -->
      <class name="testcases.T01_Login_Validation">
        <test-method is-config="true" signature="openBrowser()[pri:0, instance:testcases.T01_Login_Validation@405b6d75]" started-at="2020-12-25T17:19:12 EST" name="openBrowser" finished-at="2020-12-25T17:19:18 EST" duration-ms="5215" status="PASS">
          <reporter-output>
          </reporter-output>
        </test-method> <!-- openBrowser -->
        <test-method signature="loginValidation()[pri:0, instance:testcases.T01_Login_Validation@405b6d75]" started-at="2020-12-25T17:19:18 EST" name="loginValidation" finished-at="2020-12-25T17:19:32 EST" duration-ms="14942" status="PASS">
          <reporter-output>
          </reporter-output>
        </test-method> <!-- loginValidation -->
        <test-method is-config="true" signature="closeBrowser()[pri:0, instance:testcases.T01_Login_Validation@405b6d75]" started-at="2020-12-25T17:19:32 EST" name="closeBrowser" finished-at="2020-12-25T17:19:32 EST" duration-ms="0" status="PASS">
          <reporter-output>
          </reporter-output>
        </test-method> <!-- closeBrowser -->
      </class> <!-- testcases.T01_Login_Validation -->
    </test> <!-- Test -->
  </suite> <!-- Suite -->
</testng-results>
