<?xml version="1.0" encoding="UTF-8"?>
<testng-results ignored="0" total="1" passed="1" failed="0" skipped="0">
  <reporter-output>
  </reporter-output>
  <suite started-at="2020-12-27T14:13:29 EST" name="Default suite" finished-at="2020-12-27T14:13:50 EST" duration-ms="21512">
    <groups>
      <group name="regression">
        <method signature="SearchOptionValidation.loginValidation()[pri:0, instance:testcases.SearchOptionValidation@5f683daf]" name="loginValidation" class="testcases.SearchOptionValidation"/>
      </group> <!-- regression -->
    </groups>
    <test started-at="2020-12-27T14:13:29 EST" name="Default test" finished-at="2020-12-27T14:13:50 EST" duration-ms="21512">
      <class name="testcases.SearchOptionValidation">
        <test-method is-config="true" signature="openBrowser()[pri:0, instance:testcases.SearchOptionValidation@5f683daf]" started-at="2020-12-27T14:13:29 EST" name="openBrowser" finished-at="2020-12-27T14:13:37 EST" duration-ms="8384" status="PASS">
          <reporter-output>
          </reporter-output>
        </test-method> <!-- openBrowser -->
        <test-method signature="loginValidation()[pri:0, instance:testcases.SearchOptionValidation@5f683daf]" started-at="2020-12-27T14:13:37 EST" name="loginValidation" finished-at="2020-12-27T14:13:50 EST" duration-ms="13064" status="PASS">
          <reporter-output>
          </reporter-output>
        </test-method> <!-- loginValidation -->
        <test-method is-config="true" signature="closeBrowser()[pri:0, instance:testcases.SearchOptionValidation@5f683daf]" started-at="2020-12-27T14:13:50 EST" name="closeBrowser" finished-at="2020-12-27T14:13:50 EST" duration-ms="2" status="PASS">
          <reporter-output>
          </reporter-output>
        </test-method> <!-- closeBrowser -->
      </class> <!-- testcases.SearchOptionValidation -->
    </test> <!-- Default test -->
  </suite> <!-- Default suite -->
</testng-results>
